C:\USERS\MATTHEW\DOCUMENTS\GITHUB\A1\JAN22\DEBUG\A1TEST.OBJ
C:\USERS\MATTHEW\DOCUMENTS\GITHUB\A1\JAN22\DEBUG\CONSOLE.OBJ
C:\USERS\MATTHEW\DOCUMENTS\GITHUB\A1\JAN22\DEBUG\CONSOLELINEEDIT.OBJ
C:\USERS\MATTHEW\DOCUMENTS\GITHUB\A1\JAN22\DEBUG\VC110.PDB
C:\USERS\MATTHEW\DOCUMENTS\GITHUB\A1\JAN22\DEBUG\JAN22.ILK
C:\USERS\MATTHEW\DOCUMENTS\GITHUB\A1\JAN22\DEBUG\JAN22.EXE
C:\USERS\MATTHEW\DOCUMENTS\GITHUB\A1\JAN22\DEBUG\JAN22.PDB
C:\Users\Matthew\Documents\GitHub\A1\jan22\Debug\a1test.obj
C:\Users\Matthew\Documents\GitHub\A1\jan22\Debug\console.obj
C:\Users\Matthew\Documents\GitHub\A1\jan22\Debug\consolelineedit.obj
C:\Users\Matthew\Documents\GitHub\A1\jan22\Debug\jan22.ilk
C:\Users\Matthew\Documents\GitHub\A1\jan22\Debug\cl.command.1.tlog
C:\Users\Matthew\Documents\GitHub\A1\jan22\Debug\CL.read.1.tlog
C:\Users\Matthew\Documents\GitHub\A1\jan22\Debug\CL.write.1.tlog
C:\Users\Matthew\Documents\GitHub\A1\jan22\Debug\link-cvtres.read.1.tlog
C:\Users\Matthew\Documents\GitHub\A1\jan22\Debug\link-cvtres.write.1.tlog
C:\Users\Matthew\Documents\GitHub\A1\jan22\Debug\link-rc.read.1.tlog
C:\Users\Matthew\Documents\GitHub\A1\jan22\Debug\link-rc.write.1.tlog
C:\Users\Matthew\Documents\GitHub\A1\jan22\Debug\link.command.1.tlog
C:\Users\Matthew\Documents\GitHub\A1\jan22\Debug\link.read.1.tlog
C:\Users\Matthew\Documents\GitHub\A1\jan22\Debug\link.write.1.tlog
C:\Users\Matthew\Documents\GitHub\A1\jan22\Debug\vc110.idb
C:\Users\Matthew\Documents\GitHub\A1\jan22\Debug\jan22.pdb
C:\Users\Matthew\Documents\GitHub\A1\jan22\Debug\vc110.pdb
C:\Users\Matthew\Documents\GitHub\A1\jan22\Debug\jan22.exe
